<?xml version="1.0" encoding="UTF-8"?>
<!-- Generated by org.testng.reporters.JUnitReportReporter -->
<testsuite hostname="SHUBHAM" failures="0" tests="1" name="Log4J2" time="0.805" errors="0" timestamp="2023-07-17T15:14:30 IST" skipped="0">
  <testcase classname="Log4J2" name="loggerDemo" time="0.805"/>
  <system-out/>
</testsuite> <!-- Log4J2 -->
