<?xml version="1.0" encoding="UTF-8"?>
<!-- Generated by org.testng.reporters.JUnitReportReporter -->
<testsuite hostname="SHUBHAM" failures="0" tests="1" name="tests.NewTaskPageTest" time="51.409" errors="0" timestamp="2023-07-17T22:41:45 IST" skipped="0">
  <testcase classname="tests.NewTaskPageTest" name="validateNewTaskTest" time="51.409"/>
  <system-out/>
</testsuite> <!-- tests.NewTaskPageTest -->
