<?xml version="1.0" encoding="UTF-8"?>
<!-- Generated by org.testng.reporters.JUnitReportReporter -->
<testsuite hostname="SHUBHAM" failures="0" tests="1" name="tests.DealsPageTest" time="42.755" errors="0" timestamp="2023-06-21T11:41:21 IST" skipped="0">
  <testcase classname="tests.DealsPageTest" name="validateDealsLink" time="42.755"/>
  <system-out/>
</testsuite> <!-- tests.DealsPageTest -->
