<?xml version="1.0" encoding="UTF-8"?>
<!-- Generated by org.testng.reporters.JUnitReportReporter -->
<testsuite hostname="SHUBHAM" failures="0" tests="1" name="log4jconcept.Log4J2" time="0.777" errors="0" timestamp="2023-07-26T19:03:40 IST" skipped="0">
  <testcase classname="log4jconcept.Log4J2" name="loggerDemo" time="0.777"/>
  <system-out/>
</testsuite> <!-- log4jconcept.Log4J2 -->
