<?xml version="1.0" encoding="UTF-8"?>
<!-- Generated by org.testng.reporters.JUnitReportReporter -->
<testsuite hostname="SHUBHAM" failures="0" tests="1" name="tests.NewCompanyPageTest" time="53.447" errors="0" timestamp="2023-08-05T13:16:25 IST" skipped="0">
  <testcase classname="tests.NewCompanyPageTest" name="validateNewCompanyTest" time="53.447"/>
  <system-out/>
</testsuite> <!-- tests.NewCompanyPageTest -->
